<?xml version="1.0" encoding="UTF-8"?>
<!-- Generated by org.testng.reporters.JUnitXMLReporter -->
<testsuite hostname="NL03110" name="Surefire test" tests="1" failures="1" timestamp="14 Nov 2019 14:20:21 GMT" time="64.871" errors="0">
  <testcase name="feature" time="64.259" classname="com.lat.test.RunSeleniumGuiSuite">
    <failure type="cucumber.runtime.CucumberException" message="java.lang.AssertionError: expected [20,95] but found [40,95]">
      <![CDATA[cucumber.runtime.CucumberException: java.lang.AssertionError: expected [20,95] but found [40,95]
	at cucumber.api.testng.TestNGCucumberRunner.runCucumber(TestNGCucumberRunner.java:69)
	at cucumber.api.testng.AbstractTestNGCucumberTests.feature(AbstractTestNGCucumberTests.java:21)
Caused by: java.lang.AssertionError: expected [20,95] but found [40,95]
	at com.lat.test.steps.pages.FreeShippingPages.verifyTotalPtoductPrice(FreeShippingPages.java:205)
	at com.lat.test.steps.gui.FreeShippingSteps.user_verify_total_on_cart_page(FreeShippingSteps.java:73)
	at âœ½.And User verify total "freeShipping.totalProductPrice.expectedPrice-1" on cart page(freeShipping.feature:13)
... Removed 34 stack frames]]>
    </failure>
  </testcase> <!-- feature -->
</testsuite> <!-- Surefire test -->
